<?xml version="1.0" encoding="UTF-8"?>
<!-- Generated by org.testng.reporters.JUnitReportReporter -->
<testsuite skipped="0" hostname="user" name="Com.navya.TestingProject.NAVi" tests="1" failures="0" timestamp="26 Apr 2019 07:20:48 GMT" time="0.012" errors="0">
  <testcase name="t2" time="0.012" classname="Com.navya.TestingProject.NAVi"/>
</testsuite> <!-- Com.navya.TestingProject.NAVi -->
